<?xml version="1.0" encoding="UTF-8"?>
<!-- Generated by org.testng.reporters.JUnitReportReporter -->
<testsuite hostname="LAPTOP-SC377R82" failures="0" tests="1" name="seleniumexample2.Windowhandling" time="11.698" errors="0" timestamp="2023-03-22T12:19:20 IST" skipped="0">
  <testcase classname="seleniumexample2.Windowhandling" name="teste" time="11.698"/>
  <system-out/>
</testsuite> <!-- seleniumexample2.Windowhandling -->
