<?xml version="1.0" encoding="UTF-8"?>
<!-- Generated by org.testng.reporters.JUnitReportReporter -->
<testsuite hostname="LAPTOP-SC377R82" failures="0" tests="1" name="seleniumexample2.Parameterpassing" time="0.011" errors="0" timestamp="2023-03-03T11:27:25 IST" skipped="0">
  <testcase classname="seleniumexample2.Parameterpassing" name="Test1" time="0.011"/>
  <system-out/>
</testsuite> <!-- seleniumexample2.Parameterpassing -->
