<?xml version="1.0" encoding="UTF-8"?>
<!-- Generated by org.testng.reporters.JUnitReportReporter -->
<testsuite hostname="LAPTOP-SC377R82" failures="0" tests="1" name="seleniumexample2.Ebay" time="5.710" errors="0" timestamp="2023-03-02T11:51:23 IST" skipped="0">
  <testcase classname="seleniumexample2.Ebay" name="test1" time="5.710"/>
  <system-out/>
</testsuite> <!-- seleniumexample2.Ebay -->
