<?xml version="1.0" encoding="UTF-8"?>
<!-- Generated by org.testng.reporters.JUnitReportReporter -->
<testsuite hostname="LAPTOP-SC377R82" failures="0" tests="1" name="seleniumexample2.Copypaste$Testngprgm" time="2.411" errors="0" timestamp="2023-02-27T12:03:41 IST" skipped="0">
  <testcase classname="seleniumexample2.Copypaste$Testngprgm" name="test1" time="2.411"/>
  <system-out/>
</testsuite> <!-- seleniumexample2.Copypaste$Testngprgm -->
