<?xml version="1.0" encoding="UTF-8"?>
<!-- Generated by org.testng.reporters.JUnitReportReporter -->
<testsuite hostname="LAPTOP-SC377R82" failures="0" tests="3" name="seleniumexample2.Testngprgrm2" time="4.242" errors="0" timestamp="2023-02-27T11:42:38 IST" skipped="0">
  <testcase classname="seleniumexample2.Testngprgrm2" name="displays" time="1.990"/>
  <system-out/>
  <testcase classname="seleniumexample2.Testngprgrm2" name="test1" time="1.324"/>
  <system-out/>
  <testcase classname="seleniumexample2.Testngprgrm2" name="registers" time="0.928"/>
  <system-out/>
</testsuite> <!-- seleniumexample2.Testngprgrm2 -->
