<?xml version="1.0" encoding="UTF-8"?>
<!-- Generated by org.testng.reporters.JUnitReportReporter -->
<testsuite hostname="LAPTOP-SC377R82" failures="0" tests="2" name="seleniumexample2.ExtendedReport" time="23.221" errors="0" timestamp="2023-03-20T11:39:35 IST" skipped="0">
  <testcase classname="seleniumexample2.ExtendedReport" name="fbtitleverify" time="21.982"/>
  <system-out/>
  <testcase classname="seleniumexample2.ExtendedReport" name="fbbuttontest" time="1.239"/>
  <system-out/>
</testsuite> <!-- seleniumexample2.ExtendedReport -->
