<?xml version="1.0" encoding="UTF-8"?>
<!-- Generated by org.testng.reporters.JUnitReportReporter -->
<testsuite hostname="LAPTOP-SC377R82" failures="0" tests="1" name="seleniumexample2.Datadriven1" time="13.418" errors="0" timestamp="2023-03-06T12:30:57 IST" skipped="0">
  <testcase classname="seleniumexample2.Datadriven1" name="test1" time="13.418"/>
  <system-out/>
</testsuite> <!-- seleniumexample2.Datadriven1 -->
