<?xml version="1.0" encoding="UTF-8"?>
<!-- Generated by org.testng.reporters.JUnitReportReporter -->
<testsuite hostname="LAPTOP-SC377R82" failures="0" tests="1" name="seleniumexample2.Autoitexpample" time="6.025" errors="0" timestamp="2023-03-08T15:12:22 IST" skipped="0">
  <testcase classname="seleniumexample2.Autoitexpample" name="test1" time="6.025"/>
  <system-out/>
</testsuite> <!-- seleniumexample2.Autoitexpample -->
