<?xml version="1.0" encoding="UTF-8"?>
<!-- Generated by org.testng.reporters.JUnitReportReporter -->
<testsuite hostname="LAPTOP-SC377R82" failures="0" tests="3" name="seleniumexample2.Crossbrowsertesting" time="8.661" errors="0" timestamp="2023-03-03T12:00:13 IST" skipped="0">
  <testcase classname="seleniumexample2.Crossbrowsertesting" name="test1" time="2.025"/>
  <system-out/>
  <testcase classname="seleniumexample2.Crossbrowsertesting" name="test1" time="3.163"/>
  <system-out/>
  <testcase classname="seleniumexample2.Crossbrowsertesting" name="test1" time="3.473"/>
  <system-out/>
</testsuite> <!-- seleniumexample2.Crossbrowsertesting -->
