<?xml version="1.0" encoding="UTF-8"?>
<!-- Generated by org.testng.reporters.JUnitReportReporter -->
<testsuite hostname="LAPTOP-SC377R82" failures="0" tests="1" name="test.Fbcreateapagetest" time="2.482" errors="0" timestamp="2023-03-20T12:34:36 IST" skipped="0">
  <testcase classname="test.Fbcreateapagetest" name="testlogin" time="2.482"/>
  <system-out/>
</testsuite> <!-- test.Fbcreateapagetest -->
