<?xml version="1.0" encoding="UTF-8"?>
<!-- Generated by org.testng.reporters.JUnitReportReporter -->
<testsuite hostname="LAPTOP-SC377R82" failures="0" tests="3" name="seleniumexample2.Testngprgm" time="1.866" errors="0" timestamp="2023-02-24T20:49:50 IST" skipped="1">
  <testcase classname="seleniumexample2.Testngprgm" name="test3" time="1.175"/>
  <system-out/>
  <testcase classname="seleniumexample2.Testngprgm" name="test1" time="0.691"/>
  <system-out/>
  <testcase classname="seleniumexample2.Testngprgm" name="test2">
    <skipped/>
  </testcase> <!-- test2 -->
  <system-out/>
</testsuite> <!-- seleniumexample2.Testngprgm -->
