<?xml version="1.0" encoding="UTF-8"?>
<!-- Generated by org.testng.reporters.JUnitReportReporter -->
<testsuite hostname="LAPTOP-SC377R82" failures="0" tests="1" name="seleniumexample2.Grouping" time="1.562" errors="0" timestamp="2023-02-24T21:26:22 IST" skipped="0">
  <testcase classname="seleniumexample2.Grouping" name="test4" time="1.562"/>
  <system-out/>
</testsuite> <!-- seleniumexample2.Grouping -->
