<?xml version="1.0" encoding="UTF-8"?>
<!-- Generated by org.testng.reporters.JUnitReportReporter -->
<testsuite hostname="LAPTOP-SC377R82" failures="0" tests="1" name="seleniumexample2.Scrolldownprgm" time="2.402" errors="0" timestamp="2023-03-03T07:26:37 IST" skipped="0">
  <testcase classname="seleniumexample2.Scrolldownprgm" name="test1" time="2.402"/>
  <system-out/>
</testsuite> <!-- seleniumexample2.Scrolldownprgm -->
