<?xml version="1.0" encoding="UTF-8"?>
<!-- Generated by org.testng.reporters.JUnitReportReporter -->
<testsuite hostname="LAPTOP-SC377R82" failures="0" tests="1" name="seleniumexample2.Mousehoverprgrm2" time="7.204" errors="0" timestamp="2023-03-02T12:12:02 IST" skipped="0">
  <testcase classname="seleniumexample2.Mousehoverprgrm2" name="test1" time="7.204"/>
  <system-out/>
</testsuite> <!-- seleniumexample2.Mousehoverprgrm2 -->
